[2021-02-27 08:29:12] production.ERROR: SQLSTATE[HY000] [2002] No such file or directory {"exception":"[object] (PDOException(code: 2002): SQLSTATE[HY000] [2002] No such file or directory at /var/www/www-root/data/www/demo32.2games.pw/vendor/laravel/framework/src/Illuminate/Database/Connectors/Connector.php:68)
[stacktrace]
#0 /var/www/www-root/data/www/demo32.2games.pw/vendor/laravel/framework/src/Illuminate/Database/Connectors/Connector.php(68): PDO->__construct('mysql:host=loca...', 'demo32.2games.p...', 'C7f7O0b9', Array)
#1 /var/www/www-root/data/www/demo32.2games.pw/vendor/laravel/framework/src/Illuminate/Database/Connectors/Connector.php(44): Illuminate\\Database\\Connectors\\Connector->createPdoConnection('mysql:host=loca...', 'demo32.2games.p...', 'C7f7O0b9', Array)
#2 /var/www/www-root/data/www/demo32.2games.pw/vendor/laravel/framework/src/Illuminate/Database/Connectors/MySqlConnector.php(24): Illuminate\\Database\\Connectors\\Connector->createConnection('mysql:host=loca...', Array, Array)
#3 /var/www/www-root/data/www/demo32.2games.pw/vendor/laravel/framework/src/Illuminate/Database/Connectors/ConnectionFactory.php(183): Illuminate\\Database\\Connectors\\MySqlConnector->connect(Array)
#4 [internal function]: Illuminate\\Database\\Connectors\\ConnectionFactory->Illuminate\\Database\\Connectors\\{closure}()
#5 /var/www/www-root/data/www/demo32.2games.pw/vendor/laravel/framework/src/Illuminate/Database/Connection.php(915): call_user_func(Object(Closure))
#6 /var/www/www-root/data/www/demo32.2games.pw/vendor/laravel/framework/src/Illuminate/Database/Connection.php(940): Illuminate\\Database\\Connection->getPdo()
#7 /var/www/www-root/data/www/demo32.2games.pw/vendor/laravel/framework/src/Illuminate/Database/Connection.php(399): Illuminate\\Database\\Connection->getReadPdo()
#8 /var/www/www-root/data/www/demo32.2games.pw/vendor/laravel/framework/src/Illuminate/Database/Connection.php(325): Illuminate\\Database\\Connection->getPdoForSelect(true)
#9 /var/www/www-root/data/www/demo32.2games.pw/vendor/laravel/framework/src/Illuminate/Database/Connection.php(657): Illuminate\\Database\\Connection->Illuminate\\Database\\{closure}('select * from `...', Array)
#10 /var/www/www-root/data/www/demo32.2games.pw/vendor/laravel/framework/src/Illuminate/Database/Connection.php(624): Illuminate\\Database\\Connection->runQueryCallback('select * from `...', Array, Object(Closure))
#11 /var/www/www-root/data/www/demo32.2games.pw/vendor/laravel/framework/src/Illuminate/Database/Connection.php(333): Illuminate\\Database\\Connection->run('select * from `...', Array, Object(Closure))
#12 /var/www/www-root/data/www/demo32.2games.pw/vendor/laravel/framework/src/Illuminate/Database/Query/Builder.php(1909): Illuminate\\Database\\Connection->select('select * from `...', Array, true)
#13 /var/www/www-root/data/www/demo32.2games.pw/vendor/laravel/framework/src/Illuminate/Database/Query/Builder.php(1894): Illuminate\\Database\\Query\\Builder->runSelect()
#14 /var/www/www-root/data/www/demo32.2games.pw/vendor/anlutro/l4-settings/src/DatabaseSettingStore.php(189): Illuminate\\Database\\Query\\Builder->get()
#15 /var/www/www-root/data/www/demo32.2games.pw/vendor/anlutro/l4-settings/src/SettingStore.php(144): anlutro\\LaravelSettings\\DatabaseSettingStore->read()
#16 /var/www/www-root/data/www/demo32.2games.pw/vendor/anlutro/l4-settings/src/SettingStore.php(45): anlutro\\LaravelSettings\\SettingStore->checkLoaded()
#17 /var/www/www-root/data/www/demo32.2games.pw/app/Support/helpers.php(19): anlutro\\LaravelSettings\\SettingStore->get('app_name', NULL)
#18 /var/www/www-root/data/www/demo32.2games.pw/app/Providers/AppServiceProvider.php(30): settings('app_name')
#19 [internal function]: VanguardDK\\Providers\\AppServiceProvider->boot()
#20 /var/www/www-root/data/www/demo32.2games.pw/vendor/laravel/framework/src/Illuminate/Container/BoundMethod.php(29): call_user_func_array(Array, Array)
#21 /var/www/www-root/data/www/demo32.2games.pw/vendor/laravel/framework/src/Illuminate/Container/BoundMethod.php(87): Illuminate\\Container\\BoundMethod::Illuminate\\Container\\{closure}()
#22 /var/www/www-root/data/www/demo32.2games.pw/vendor/laravel/framework/src/Illuminate/Container/BoundMethod.php(31): Illuminate\\Container\\BoundMethod::callBoundMethod(Object(Illuminate\\Foundation\\Application), Array, Object(Closure))
#23 /var/www/www-root/data/www/demo32.2games.pw/vendor/laravel/framework/src/Illuminate/Container/Container.php(564): Illuminate\\Container\\BoundMethod::call(Object(Illuminate\\Foundation\\Application), Array, Array, NULL)
#24 /var/www/www-root/data/www/demo32.2games.pw/vendor/laravel/framework/src/Illuminate/Foundation/Application.php(794): Illuminate\\Container\\Container->call(Array)
#25 /var/www/www-root/data/www/demo32.2games.pw/vendor/laravel/framework/src/Illuminate/Foundation/Application.php(777): Illuminate\\Foundation\\Application->bootProvider(Object(VanguardDK\\Providers\\AppServiceProvider))
#26 [internal function]: Illuminate\\Foundation\\Application->Illuminate\\Foundation\\{closure}(Object(VanguardDK\\Providers\\AppServiceProvider), 25)
#27 /var/www/www-root/data/www/demo32.2games.pw/vendor/laravel/framework/src/Illuminate/Foundation/Application.php(778): array_walk(Array, Object(Closure))
#28 /var/www/www-root/data/www/demo32.2games.pw/vendor/laravel/framework/src/Illuminate/Foundation/Bootstrap/BootProviders.php(17): Illuminate\\Foundation\\Application->boot()
#29 /var/www/www-root/data/www/demo32.2games.pw/vendor/laravel/framework/src/Illuminate/Foundation/Application.php(206): Illuminate\\Foundation\\Bootstrap\\BootProviders->bootstrap(Object(Illuminate\\Foundation\\Application))
#30 /var/www/www-root/data/www/demo32.2games.pw/vendor/laravel/framework/src/Illuminate/Foundation/Http/Kernel.php(162): Illuminate\\Foundation\\Application->bootstrapWith(Array)
#31 /var/www/www-root/data/www/demo32.2games.pw/vendor/laravel/framework/src/Illuminate/Foundation/Http/Kernel.php(146): Illuminate\\Foundation\\Http\\Kernel->bootstrap()
#32 /var/www/www-root/data/www/demo32.2games.pw/vendor/laravel/framework/src/Illuminate/Foundation/Http/Kernel.php(116): Illuminate\\Foundation\\Http\\Kernel->sendRequestThroughRouter(Object(Illuminate\\Http\\Request))
#33 /var/www/www-root/data/www/demo32.2games.pw/public/index.php(55): Illuminate\\Foundation\\Http\\Kernel->handle(Object(Illuminate\\Http\\Request))
#34 {main}
"} 
[2021-02-27 08:29:12] production.ERROR: SQLSTATE[HY000] [2002] No such file or directory (SQL: select * from `w_settings`) {"exception":"[object] (Illuminate\\Database\\QueryException(code: 2002): SQLSTATE[HY000] [2002] No such file or directory (SQL: select * from `w_settings`) at /var/www/www-root/data/www/demo32.2games.pw/vendor/laravel/framework/src/Illuminate/Database/Connection.php:664, PDOException(code: 2002): SQLSTATE[HY000] [2002] No such file or directory at /var/www/www-root/data/www/demo32.2games.pw/vendor/laravel/framework/src/Illuminate/Database/Connectors/Connector.php:68)
[stacktrace]
#0 /var/www/www-root/data/www/demo32.2games.pw/vendor/laravel/framework/src/Illuminate/Database/Connection.php(624): Illuminate\\Database\\Connection->runQueryCallback('select * from `...', Array, Object(Closure))
#1 /var/www/www-root/data/www/demo32.2games.pw/vendor/laravel/framework/src/Illuminate/Database/Connection.php(333): Illuminate\\Database\\Connection->run('select * from `...', Array, Object(Closure))
#2 /var/www/www-root/data/www/demo32.2games.pw/vendor/laravel/framework/src/Illuminate/Database/Query/Builder.php(1909): Illuminate\\Database\\Connection->select('select * from `...', Array, true)
#3 /var/www/www-root/data/www/demo32.2games.pw/vendor/laravel/framework/src/Illuminate/Database/Query/Builder.php(1894): Illuminate\\Database\\Query\\Builder->runSelect()
#4 /var/www/www-root/data/www/demo32.2games.pw/vendor/anlutro/l4-settings/src/DatabaseSettingStore.php(189): Illuminate\\Database\\Query\\Builder->get()
#5 /var/www/www-root/data/www/demo32.2games.pw/vendor/anlutro/l4-settings/src/SettingStore.php(144): anlutro\\LaravelSettings\\DatabaseSettingStore->read()
#6 /var/www/www-root/data/www/demo32.2games.pw/vendor/anlutro/l4-settings/src/SettingStore.php(45): anlutro\\LaravelSettings\\SettingStore->checkLoaded()
#7 /var/www/www-root/data/www/demo32.2games.pw/app/Support/helpers.php(19): anlutro\\LaravelSettings\\SettingStore->get('app_name', NULL)
#8 /var/www/www-root/data/www/demo32.2games.pw/app/Providers/AppServiceProvider.php(30): settings('app_name')
#9 [internal function]: VanguardDK\\Providers\\AppServiceProvider->boot()
#10 /var/www/www-root/data/www/demo32.2games.pw/vendor/laravel/framework/src/Illuminate/Container/BoundMethod.php(29): call_user_func_array(Array, Array)
#11 /var/www/www-root/data/www/demo32.2games.pw/vendor/laravel/framework/src/Illuminate/Container/BoundMethod.php(87): Illuminate\\Container\\BoundMethod::Illuminate\\Container\\{closure}()
#12 /var/www/www-root/data/www/demo32.2games.pw/vendor/laravel/framework/src/Illuminate/Container/BoundMethod.php(31): Illuminate\\Container\\BoundMethod::callBoundMethod(Object(Illuminate\\Foundation\\Application), Array, Object(Closure))
#13 /var/www/www-root/data/www/demo32.2games.pw/vendor/laravel/framework/src/Illuminate/Container/Container.php(564): Illuminate\\Container\\BoundMethod::call(Object(Illuminate\\Foundation\\Application), Array, Array, NULL)
#14 /var/www/www-root/data/www/demo32.2games.pw/vendor/laravel/framework/src/Illuminate/Foundation/Application.php(794): Illuminate\\Container\\Container->call(Array)
#15 /var/www/www-root/data/www/demo32.2games.pw/vendor/laravel/framework/src/Illuminate/Foundation/Application.php(777): Illuminate\\Foundation\\Application->bootProvider(Object(VanguardDK\\Providers\\AppServiceProvider))
#16 [internal function]: Illuminate\\Foundation\\Application->Illuminate\\Foundation\\{closure}(Object(VanguardDK\\Providers\\AppServiceProvider), 25)
#17 /var/www/www-root/data/www/demo32.2games.pw/vendor/laravel/framework/src/Illuminate/Foundation/Application.php(778): array_walk(Array, Object(Closure))
#18 /var/www/www-root/data/www/demo32.2games.pw/vendor/laravel/framework/src/Illuminate/Foundation/Bootstrap/BootProviders.php(17): Illuminate\\Foundation\\Application->boot()
#19 /var/www/www-root/data/www/demo32.2games.pw/vendor/laravel/framework/src/Illuminate/Foundation/Application.php(206): Illuminate\\Foundation\\Bootstrap\\BootProviders->bootstrap(Object(Illuminate\\Foundation\\Application))
#20 /var/www/www-root/data/www/demo32.2games.pw/vendor/laravel/framework/src/Illuminate/Foundation/Http/Kernel.php(162): Illuminate\\Foundation\\Application->bootstrapWith(Array)
#21 /var/www/www-root/data/www/demo32.2games.pw/vendor/laravel/framework/src/Illuminate/Foundation/Http/Kernel.php(146): Illuminate\\Foundation\\Http\\Kernel->bootstrap()
#22 /var/www/www-root/data/www/demo32.2games.pw/vendor/laravel/framework/src/Illuminate/Foundation/Http/Kernel.php(116): Illuminate\\Foundation\\Http\\Kernel->sendRequestThroughRouter(Object(Illuminate\\Http\\Request))
#23 /var/www/www-root/data/www/demo32.2games.pw/public/index.php(55): Illuminate\\Foundation\\Http\\Kernel->handle(Object(Illuminate\\Http\\Request))
#24 {main}
"} 
[2021-02-27 08:29:13] production.ERROR: SQLSTATE[HY000] [2002] No such file or directory {"exception":"[object] (PDOException(code: 2002): SQLSTATE[HY000] [2002] No such file or directory at /var/www/www-root/data/www/demo32.2games.pw/vendor/laravel/framework/src/Illuminate/Database/Connectors/Connector.php:68)
[stacktrace]
#0 /var/www/www-root/data/www/demo32.2games.pw/vendor/laravel/framework/src/Illuminate/Database/Connectors/Connector.php(68): PDO->__construct('mysql:host=loca...', 'demo32.2games.p...', 'C7f7O0b9', Array)
#1 /var/www/www-root/data/www/demo32.2games.pw/vendor/laravel/framework/src/Illuminate/Database/Connectors/Connector.php(44): Illuminate\\Database\\Connectors\\Connector->createPdoConnection('mysql:host=loca...', 'demo32.2games.p...', 'C7f7O0b9', Array)
#2 /var/www/www-root/data/www/demo32.2games.pw/vendor/laravel/framework/src/Illuminate/Database/Connectors/MySqlConnector.php(24): Illuminate\\Database\\Connectors\\Connector->createConnection('mysql:host=loca...', Array, Array)
#3 /var/www/www-root/data/www/demo32.2games.pw/vendor/laravel/framework/src/Illuminate/Database/Connectors/ConnectionFactory.php(183): Illuminate\\Database\\Connectors\\MySqlConnector->connect(Array)
#4 [internal function]: Illuminate\\Database\\Connectors\\ConnectionFactory->Illuminate\\Database\\Connectors\\{closure}()
#5 /var/www/www-root/data/www/demo32.2games.pw/vendor/laravel/framework/src/Illuminate/Database/Connection.php(915): call_user_func(Object(Closure))
#6 /var/www/www-root/data/www/demo32.2games.pw/vendor/laravel/framework/src/Illuminate/Database/Connection.php(940): Illuminate\\Database\\Connection->getPdo()
#7 /var/www/www-root/data/www/demo32.2games.pw/vendor/laravel/framework/src/Illuminate/Database/Connection.php(399): Illuminate\\Database\\Connection->getReadPdo()
#8 /var/www/www-root/data/www/demo32.2games.pw/vendor/laravel/framework/src/Illuminate/Database/Connection.php(325): Illuminate\\Database\\Connection->getPdoForSelect(true)
#9 /var/www/www-root/data/www/demo32.2games.pw/vendor/laravel/framework/src/Illuminate/Database/Connection.php(657): Illuminate\\Database\\Connection->Illuminate\\Database\\{closure}('select * from `...', Array)
#10 /var/www/www-root/data/www/demo32.2games.pw/vendor/laravel/framework/src/Illuminate/Database/Connection.php(624): Illuminate\\Database\\Connection->runQueryCallback('select * from `...', Array, Object(Closure))
#11 /var/www/www-root/data/www/demo32.2games.pw/vendor/laravel/framework/src/Illuminate/Database/Connection.php(333): Illuminate\\Database\\Connection->run('select * from `...', Array, Object(Closure))
#12 /var/www/www-root/data/www/demo32.2games.pw/vendor/laravel/framework/src/Illuminate/Database/Query/Builder.php(1909): Illuminate\\Database\\Connection->select('select * from `...', Array, true)
#13 /var/www/www-root/data/www/demo32.2games.pw/vendor/laravel/framework/src/Illuminate/Database/Query/Builder.php(1894): Illuminate\\Database\\Query\\Builder->runSelect()
#14 /var/www/www-root/data/www/demo32.2games.pw/vendor/anlutro/l4-settings/src/DatabaseSettingStore.php(189): Illuminate\\Database\\Query\\Builder->get()
#15 /var/www/www-root/data/www/demo32.2games.pw/vendor/anlutro/l4-settings/src/SettingStore.php(144): anlutro\\LaravelSettings\\DatabaseSettingStore->read()
#16 /var/www/www-root/data/www/demo32.2games.pw/vendor/anlutro/l4-settings/src/SettingStore.php(45): anlutro\\LaravelSettings\\SettingStore->checkLoaded()
#17 /var/www/www-root/data/www/demo32.2games.pw/app/Support/helpers.php(19): anlutro\\LaravelSettings\\SettingStore->get('app_name', NULL)
#18 /var/www/www-root/data/www/demo32.2games.pw/app/Providers/AppServiceProvider.php(30): settings('app_name')
#19 [internal function]: VanguardDK\\Providers\\AppServiceProvider->boot()
#20 /var/www/www-root/data/www/demo32.2games.pw/vendor/laravel/framework/src/Illuminate/Container/BoundMethod.php(29): call_user_func_array(Array, Array)
#21 /var/www/www-root/data/www/demo32.2games.pw/vendor/laravel/framework/src/Illuminate/Container/BoundMethod.php(87): Illuminate\\Container\\BoundMethod::Illuminate\\Container\\{closure}()
#22 /var/www/www-root/data/www/demo32.2games.pw/vendor/laravel/framework/src/Illuminate/Container/BoundMethod.php(31): Illuminate\\Container\\BoundMethod::callBoundMethod(Object(Illuminate\\Foundation\\Application), Array, Object(Closure))
#23 /var/www/www-root/data/www/demo32.2games.pw/vendor/laravel/framework/src/Illuminate/Container/Container.php(564): Illuminate\\Container\\BoundMethod::call(Object(Illuminate\\Foundation\\Application), Array, Array, NULL)
#24 /var/www/www-root/data/www/demo32.2games.pw/vendor/laravel/framework/src/Illuminate/Foundation/Application.php(794): Illuminate\\Container\\Container->call(Array)
#25 /var/www/www-root/data/www/demo32.2games.pw/vendor/laravel/framework/src/Illuminate/Foundation/Application.php(777): Illuminate\\Foundation\\Application->bootProvider(Object(VanguardDK\\Providers\\AppServiceProvider))
#26 [internal function]: Illuminate\\Foundation\\Application->Illuminate\\Foundation\\{closure}(Object(VanguardDK\\Providers\\AppServiceProvider), 25)
#27 /var/www/www-root/data/www/demo32.2games.pw/vendor/laravel/framework/src/Illuminate/Foundation/Application.php(778): array_walk(Array, Object(Closure))
#28 /var/www/www-root/data/www/demo32.2games.pw/vendor/laravel/framework/src/Illuminate/Foundation/Bootstrap/BootProviders.php(17): Illuminate\\Foundation\\Application->boot()
#29 /var/www/www-root/data/www/demo32.2games.pw/vendor/laravel/framework/src/Illuminate/Foundation/Application.php(206): Illuminate\\Foundation\\Bootstrap\\BootProviders->bootstrap(Object(Illuminate\\Foundation\\Application))
#30 /var/www/www-root/data/www/demo32.2games.pw/vendor/laravel/framework/src/Illuminate/Foundation/Http/Kernel.php(162): Illuminate\\Foundation\\Application->bootstrapWith(Array)
#31 /var/www/www-root/data/www/demo32.2games.pw/vendor/laravel/framework/src/Illuminate/Foundation/Http/Kernel.php(146): Illuminate\\Foundation\\Http\\Kernel->bootstrap()
#32 /var/www/www-root/data/www/demo32.2games.pw/vendor/laravel/framework/src/Illuminate/Foundation/Http/Kernel.php(116): Illuminate\\Foundation\\Http\\Kernel->sendRequestThroughRouter(Object(Illuminate\\Http\\Request))
#33 /var/www/www-root/data/www/demo32.2games.pw/public/index.php(55): Illuminate\\Foundation\\Http\\Kernel->handle(Object(Illuminate\\Http\\Request))
#34 {main}
"} 
[2021-02-27 08:29:13] production.ERROR: SQLSTATE[HY000] [2002] No such file or directory (SQL: select * from `w_settings`) {"exception":"[object] (Illuminate\\Database\\QueryException(code: 2002): SQLSTATE[HY000] [2002] No such file or directory (SQL: select * from `w_settings`) at /var/www/www-root/data/www/demo32.2games.pw/vendor/laravel/framework/src/Illuminate/Database/Connection.php:664, PDOException(code: 2002): SQLSTATE[HY000] [2002] No such file or directory at /var/www/www-root/data/www/demo32.2games.pw/vendor/laravel/framework/src/Illuminate/Database/Connectors/Connector.php:68)
[stacktrace]
#0 /var/www/www-root/data/www/demo32.2games.pw/vendor/laravel/framework/src/Illuminate/Database/Connection.php(624): Illuminate\\Database\\Connection->runQueryCallback('select * from `...', Array, Object(Closure))
#1 /var/www/www-root/data/www/demo32.2games.pw/vendor/laravel/framework/src/Illuminate/Database/Connection.php(333): Illuminate\\Database\\Connection->run('select * from `...', Array, Object(Closure))
#2 /var/www/www-root/data/www/demo32.2games.pw/vendor/laravel/framework/src/Illuminate/Database/Query/Builder.php(1909): Illuminate\\Database\\Connection->select('select * from `...', Array, true)
#3 /var/www/www-root/data/www/demo32.2games.pw/vendor/laravel/framework/src/Illuminate/Database/Query/Builder.php(1894): Illuminate\\Database\\Query\\Builder->runSelect()
#4 /var/www/www-root/data/www/demo32.2games.pw/vendor/anlutro/l4-settings/src/DatabaseSettingStore.php(189): Illuminate\\Database\\Query\\Builder->get()
#5 /var/www/www-root/data/www/demo32.2games.pw/vendor/anlutro/l4-settings/src/SettingStore.php(144): anlutro\\LaravelSettings\\DatabaseSettingStore->read()
#6 /var/www/www-root/data/www/demo32.2games.pw/vendor/anlutro/l4-settings/src/SettingStore.php(45): anlutro\\LaravelSettings\\SettingStore->checkLoaded()
#7 /var/www/www-root/data/www/demo32.2games.pw/app/Support/helpers.php(19): anlutro\\LaravelSettings\\SettingStore->get('app_name', NULL)
#8 /var/www/www-root/data/www/demo32.2games.pw/app/Providers/AppServiceProvider.php(30): settings('app_name')
#9 [internal function]: VanguardDK\\Providers\\AppServiceProvider->boot()
#10 /var/www/www-root/data/www/demo32.2games.pw/vendor/laravel/framework/src/Illuminate/Container/BoundMethod.php(29): call_user_func_array(Array, Array)
#11 /var/www/www-root/data/www/demo32.2games.pw/vendor/laravel/framework/src/Illuminate/Container/BoundMethod.php(87): Illuminate\\Container\\BoundMethod::Illuminate\\Container\\{closure}()
#12 /var/www/www-root/data/www/demo32.2games.pw/vendor/laravel/framework/src/Illuminate/Container/BoundMethod.php(31): Illuminate\\Container\\BoundMethod::callBoundMethod(Object(Illuminate\\Foundation\\Application), Array, Object(Closure))
#13 /var/www/www-root/data/www/demo32.2games.pw/vendor/laravel/framework/src/Illuminate/Container/Container.php(564): Illuminate\\Container\\BoundMethod::call(Object(Illuminate\\Foundation\\Application), Array, Array, NULL)
#14 /var/www/www-root/data/www/demo32.2games.pw/vendor/laravel/framework/src/Illuminate/Foundation/Application.php(794): Illuminate\\Container\\Container->call(Array)
#15 /var/www/www-root/data/www/demo32.2games.pw/vendor/laravel/framework/src/Illuminate/Foundation/Application.php(777): Illuminate\\Foundation\\Application->bootProvider(Object(VanguardDK\\Providers\\AppServiceProvider))
#16 [internal function]: Illuminate\\Foundation\\Application->Illuminate\\Foundation\\{closure}(Object(VanguardDK\\Providers\\AppServiceProvider), 25)
#17 /var/www/www-root/data/www/demo32.2games.pw/vendor/laravel/framework/src/Illuminate/Foundation/Application.php(778): array_walk(Array, Object(Closure))
#18 /var/www/www-root/data/www/demo32.2games.pw/vendor/laravel/framework/src/Illuminate/Foundation/Bootstrap/BootProviders.php(17): Illuminate\\Foundation\\Application->boot()
#19 /var/www/www-root/data/www/demo32.2games.pw/vendor/laravel/framework/src/Illuminate/Foundation/Application.php(206): Illuminate\\Foundation\\Bootstrap\\BootProviders->bootstrap(Object(Illuminate\\Foundation\\Application))
#20 /var/www/www-root/data/www/demo32.2games.pw/vendor/laravel/framework/src/Illuminate/Foundation/Http/Kernel.php(162): Illuminate\\Foundation\\Application->bootstrapWith(Array)
#21 /var/www/www-root/data/www/demo32.2games.pw/vendor/laravel/framework/src/Illuminate/Foundation/Http/Kernel.php(146): Illuminate\\Foundation\\Http\\Kernel->bootstrap()
#22 /var/www/www-root/data/www/demo32.2games.pw/vendor/laravel/framework/src/Illuminate/Foundation/Http/Kernel.php(116): Illuminate\\Foundation\\Http\\Kernel->sendRequestThroughRouter(Object(Illuminate\\Http\\Request))
#23 /var/www/www-root/data/www/demo32.2games.pw/public/index.php(55): Illuminate\\Foundation\\Http\\Kernel->handle(Object(Illuminate\\Http\\Request))
#24 {main}
"} 
