[2020-08-21 16:24:18] Старт = {"m":"211042","oa":"500","o":"2756I541R5","s":"4264613efbcf23ee8e9affc7514d687e","lang":"en"}
[2020-08-21 16:24:29] YES 211
[2020-08-21 16:41:37] Старт = {"m":"211042","oa":"500","o":"N1DP8J5KU1","s":"07bd01601eeaa34b8af3b36421b3d2aa","lang":"en"}
[2020-08-21 16:42:20] Старт = {"m":"211042","oa":"100","o":"6RG287Y6PQ","s":"0889c8a074510efa36b433cea92fcdfd","lang":"en"}
[2020-08-21 16:42:33] YES 213
[2020-08-21 16:57:08] Старт = {"m":"211042","oa":"500","o":"1972LOE240","s":"bacd5ae0cfe56c4f4000c543a94eb630","lang":"en","i":"45"}
[2020-08-21 17:02:01] Старт = {"m":"211042","oa":"500","o":"J42879S748","s":"600a5e26f068edc8c672df8e9b34416a","lang":"en","i":"63"}
[2020-09-04 00:01:09] Старт = {"m":"211042","oa":"500","o":"8942PCX256","s":"f3505109e9bdfea459d647bb27a5fa63","lang":"en","i":"2"}
[2020-09-04 11:01:54] Старт = {"m":"211042","oa":"500","o":"IYM53BJ32N","s":"a528fd1ebb99f99cb187fb02437fd82b","lang":"en","i":"3"}
[2020-09-07 03:14:31] Старт = {"m":"211042","oa":"500","o":"RTTFE98D4X","s":"b6af545811dde94078c82c40aa830be9","lang":"en","i":"piastrix_beeline_rub"}
[2020-09-07 03:14:33] Старт = {"m":"211042","oa":"500","o":"O7CL4K9C45","s":"14b2340be8aed7f57779398cbb16ba16","lang":"en","i":"piastrix_beeline_rub"}
[2020-09-07 03:14:37] Старт = {"m":"211042","oa":"500","o":"3W1DY43SJ4","s":"1a4f1faa23d2ec64c30c24272ff8f2c3","lang":"en","i":"piastrix_yamoney_rub"}
[2020-09-07 03:18:43] Старт = {"m":"211042","oa":"500","o":"1P07UWE03N","s":"3e02d398af1ce8b1ce9d692619cbf0e7","lang":"en","i":"piastrix_card_rub"}
[2020-12-14 21:36:35] Старт = {"m":"240824","oa":"2500","o":"Q4FZ22B3O1","s":"88c7779d28836c140b91fdaa79874d94","lang":"en"}
[2020-12-14 21:36:36] Старт = {"m":"240824","oa":"2500","o":"U58V003AYV","s":"a9faca25738e49e4fe3f76ad44a188b1","lang":"en"}
[2020-12-14 21:37:34] Старт = {"m":"240824","oa":"500","o":"DA0TXA12YN","s":"3a28c988ab4d78a135043c4f58ed9e48","lang":"en"}
[2020-12-14 21:37:34] Старт = {"m":"240824","oa":"500","o":"042EB6236D","s":"e427664ebfc3038f0b134d3e86809dc5","lang":"en"}
[2020-12-14 21:37:42] YES 125
[2020-12-23 10:47:36] Старт = {"m":"240824","oa":"2500","o":"XZY94790NF","s":"7b34a064c1cb0ea2a650b86fe18d590e","lang":"en"}
[2020-12-23 10:47:36] Старт = {"m":"240824","oa":"2500","o":"0CPLNNDF88","s":"37fabaa12daf8cb20c7285160db85ce6","lang":"en"}
[2020-12-26 15:03:00] Старт = {"m":"240824","oa":"500","o":"BS662810KP","s":"e807016209b06fbe2d2464c6b4680c9a","lang":"en"}
[2020-12-26 15:03:00] Старт = {"m":"240824","oa":"500","o":"0Y8YZ037YN","s":"28e7b68b714bc5da472c910528b47b42","lang":"en"}
[2021-01-06 11:06:04] Платеж не найден 
[2021-01-06 11:09:42] Платеж не найден 
[2021-01-08 14:13:37] Старт = {"m":"240824","oa":"500","o":"B9EQ137011","s":"d7f5cd24fa362f3e2cdf8555ff31f951","lang":"en"}
[2021-01-08 14:13:37] Старт = {"m":"240824","oa":"500","o":"4JSN90AE6V","s":"3bbf26aee4c3c7cf4b1832918a92f89e","lang":"en"}
[2021-01-27 11:27:22] Старт = {"m":"260491","oa":"500","o":"50V08N52L7","s":"d92802caf0ac1a56265695adc807c219","lang":"ru","i":"63"}
[2021-01-27 11:27:23] Старт = {"m":"260491","oa":"500","o":"5EM8272NM4","s":"1cdbcebd7a3fad32d59848d9a22ef6de","lang":"ru","i":"63"}
[2021-01-27 21:45:00] Старт = {"m":"260491","oa":"500","o":"37C973NON2","s":"59b1c7d70656c7d3288b2ccf44a8c458","lang":"ru","i":"63"}
[2021-01-27 21:45:00] Старт = {"m":"260491","oa":"500","o":"LW4X61ID07","s":"6ab4073535d4f85515d525eb268a867a","lang":"ru","i":"63"}
[2021-01-27 21:45:33] Старт = {"m":"260491","oa":"500","o":"J7KQ6XDW38","s":"42b3afb9179fb4f69f92706b8017127c","lang":"ru","i":"116"}
[2021-01-27 21:45:33] Старт = {"m":"260491","oa":"500","o":"TY9WAU14T7","s":"ccb97f2f4b4f244c0cdb580444411bdf","lang":"ru","i":"116"}
[2021-01-27 21:45:55] Старт = {"m":"260491","oa":"500","o":"25YZW4ITVS","s":"2221f615870248fb048b4f7e8cdde58b","lang":"ru","i":"160"}
[2021-01-27 21:45:55] Старт = {"m":"260491","oa":"500","o":"Y8WOTYC712","s":"d0fc6282dd053193370dfb70e3d25238","lang":"ru","i":"160"}
[2021-01-27 21:49:14] Старт = {"m":"260491","oa":"5000","o":"2G2EIHKGC2","s":"462b0307e135191c4ca3e0b53414c990","lang":"ru","i":"63"}
[2021-01-27 21:49:14] Старт = {"m":"260491","oa":"5000","o":"PX025594MN","s":"067bd227999dd2f03af1d995f13eb35e","lang":"ru","i":"63"}
[2021-01-27 21:49:28] Старт = {"m":"260491","oa":"1000","o":"RHC82JEI1M","s":"7468ba0412bfcc2db3324951429ca239","lang":"ru","i":"63"}
[2021-01-27 21:49:28] Старт = {"m":"260491","oa":"1000","o":"K64JMC7741","s":"87fe675608d35c6358b43866dc8bba9b","lang":"ru","i":"63"}
[2021-01-27 21:49:36] Старт = {"m":"260491","oa":"501","o":"X0UAI36QGP","s":"e06a266f5555b2db4d7d41e468400472","lang":"ru","i":"63"}
[2021-01-27 21:49:36] Старт = {"m":"260491","oa":"501","o":"EAM7L7HM53","s":"8d410f113c4aa12a442cef0521ff6b01","lang":"ru","i":"63"}
[2021-02-11 19:42:13] Старт = {"m":"260491","oa":"500","o":"M57212564Z","s":"99f866c0e45ea48360c50d30ddb688d3","lang":"ru","i":"63"}
[2021-02-11 19:42:13] Старт = {"m":"260491","oa":"500","o":"WL56KWQU2D","s":"b726a67fa73c943ba3e2c825222c4fa3","lang":"ru","i":"63"}
[2021-02-12 22:00:26] Старт = {"m":"260491","oa":"500","o":"L0WCX2T4TA","s":"731c27231ee6ff198a7cce982ded1cd3","lang":"ru","i":"70"}
[2021-02-12 22:00:26] Старт = {"m":"260491","oa":"500","o":"853K4YPXJG","s":"2d14329f1bb36fdabba5466bab755e3f","lang":"ru","i":"70"}
[2021-02-22 10:53:26] Старт = {"m":"260491","oa":"10000","o":"2534O14394","s":"c21e13c0c454f6d44246b5a855b16364","lang":"ru","i":"45"}
[2021-02-22 10:53:26] Старт = {"m":"260491","oa":"10000","o":"91G9024QCS","s":"f95bc3810204c329d54081387eb75d0c","lang":"ru","i":"45"}
[2021-02-22 14:48:29] Старт = {"m":"260491","oa":"500","o":"9U9SS66H5V","s":"1baf8f920c1cd9d9f21b1f19583b2f75","lang":"ru","i":"64"}
[2021-02-22 14:48:29] Старт = {"m":"260491","oa":"500","o":"C177U4RSP1","s":"b7885aa4fca4d1bdef3039d28203cac9","lang":"ru","i":"64"}
[2021-02-22 14:48:43] Старт = {"m":"260491","oa":"500","o":"MFNI42JFU6","s":"c7880672cad780cfd54b1112b9851e07","lang":"ru","i":"45"}
[2021-02-22 14:48:43] Старт = {"m":"260491","oa":"500","o":"VJMO30V151","s":"0167528e3335a3ba70a6a6f3979954fc","lang":"ru","i":"45"}
[2021-02-22 14:49:08] Старт = {"m":"260491","oa":"10000","o":"7JJDG61V18","s":"c611979c1f902259e58318d32a39aeed","lang":"ru","i":"160"}
[2021-02-22 14:49:08] Старт = {"m":"260491","oa":"10000","o":"3SGW5MS24A","s":"6296736d9c4e682bc3240beccb02da4d","lang":"ru","i":"160"}
[2021-02-22 15:04:39] Старт = {"m":"260491","oa":"500","o":"3CR60VSNG9","s":"eff17ba61cb44462513961a19807ee0a","lang":"ru","i":"45"}
[2021-02-22 15:04:39] Старт = {"m":"260491","oa":"500","o":"M35L7J105J","s":"cea2002df7fcdcad79be67c2f7522778","lang":"ru","i":"45"}
[2021-02-22 15:11:13] Старт = {"m":"260491","oa":"500","o":"0ENXYYUHBL","s":"d580ace1ade525db0c5bf2be3548d36a","lang":"ru","i":"45"}
[2021-02-22 15:11:13] Старт = {"m":"260491","oa":"500","o":"084JZSBO3S","s":"b14cd4536871b3d6d6b255697398b2c5","lang":"ru","i":"45"}
