[22-Oct-2020 13:57:52 Europe/Berlin] PHP Warning:  A non-numeric value encountered in /var/www/www-root/data/www/demo32.2games.pw/public/config_db.php on line 160
[22-Oct-2020 13:57:52 Europe/Berlin] PHP Warning:  A non-numeric value encountered in /var/www/www-root/data/www/demo32.2games.pw/public/config_db.php on line 160
[22-Oct-2020 13:57:52 Europe/Berlin] PHP Notice:  Undefined variable: inv_code in /var/www/www-root/data/www/demo32.2games.pw/public/config_db.php on line 457
[27-Oct-2020 11:30:49 Europe/Berlin] PHP Fatal error:  Uncaught Error: Call to undefined function check_mobile_device____gif() in /var/www/www-root/data/www/demo32.2games.pw/public/search_games.php:87
Stack trace:
#0 {main}
  thrown in /var/www/www-root/data/www/demo32.2games.pw/public/search_games.php on line 87
[27-Oct-2020 11:31:45 Europe/Berlin] PHP Fatal error:  Uncaught Error: Call to undefined function check_mobile_device____gif() in /var/www/www-root/data/www/demo32.2games.pw/public/search_games.php:87
Stack trace:
#0 {main}
  thrown in /var/www/www-root/data/www/demo32.2games.pw/public/search_games.php on line 87
[30-Oct-2020 01:42:26 Europe/Berlin] PHP Fatal error:  Uncaught Error: Call to undefined function check_mobile_device____gif() in /var/www/www-root/data/www/demo32.2games.pw/public/search_games.php:68
Stack trace:
#0 {main}
  thrown in /var/www/www-root/data/www/demo32.2games.pw/public/search_games.php on line 68
[30-Oct-2020 01:42:45 Europe/Berlin] PHP Fatal error:  Uncaught Error: Call to undefined function check_mobile_device____gif() in /var/www/www-root/data/www/demo32.2games.pw/public/search_games.php:68
Stack trace:
#0 {main}
  thrown in /var/www/www-root/data/www/demo32.2games.pw/public/search_games.php on line 68
[30-Oct-2020 01:43:05 Europe/Berlin] PHP Fatal error:  Uncaught Error: Call to undefined function check_mobile_device____gif() in /var/www/www-root/data/www/demo32.2games.pw/public/search_games.php:68
Stack trace:
#0 {main}
  thrown in /var/www/www-root/data/www/demo32.2games.pw/public/search_games.php on line 68
[01-Nov-2020 00:08:27 Europe/Berlin] PHP Fatal error:  Uncaught Error: Call to undefined function check_mobile_device____gif() in /var/www/www-root/data/www/demo32.2games.pw/public/search_games.php:68
Stack trace:
#0 {main}
  thrown in /var/www/www-root/data/www/demo32.2games.pw/public/search_games.php on line 68
[01-Nov-2020 00:08:41 Europe/Berlin] PHP Fatal error:  Uncaught Error: Call to undefined function check_mobile_device____gif() in /var/www/www-root/data/www/demo32.2games.pw/public/search_games.php:68
Stack trace:
#0 {main}
  thrown in /var/www/www-root/data/www/demo32.2games.pw/public/search_games.php on line 68
[01-Nov-2020 00:08:58 Europe/Berlin] PHP Fatal error:  Uncaught Error: Call to undefined function check_mobile_device____gif() in /var/www/www-root/data/www/demo32.2games.pw/public/search_games.php:68
Stack trace:
#0 {main}
  thrown in /var/www/www-root/data/www/demo32.2games.pw/public/search_games.php on line 68
[01-Nov-2020 00:09:37 Europe/Berlin] PHP Fatal error:  Uncaught Error: Call to undefined function check_mobile_device____gif() in /var/www/www-root/data/www/demo32.2games.pw/public/search_games.php:68
Stack trace:
#0 {main}
  thrown in /var/www/www-root/data/www/demo32.2games.pw/public/search_games.php on line 68
[01-Nov-2020 00:24:23 Europe/Berlin] PHP Fatal error:  Uncaught Error: Call to undefined function check_mobile_device____gif() in /var/www/www-root/data/www/demo32.2games.pw/public/search_games.php:68
Stack trace:
#0 {main}
  thrown in /var/www/www-root/data/www/demo32.2games.pw/public/search_games.php on line 68
[01-Nov-2020 17:41:49 Europe/Berlin] PHP Fatal error:  Uncaught Error: Call to undefined function check_mobile_device____gif() in /var/www/www-root/data/www/demo32.2games.pw/public/search_games.php:68
Stack trace:
#0 {main}
  thrown in /var/www/www-root/data/www/demo32.2games.pw/public/search_games.php on line 68
[02-Nov-2020 21:51:10 Europe/Berlin] PHP Notice:  Undefined index: end_time in /var/www/www-root/data/www/demo32.2games.pw/public/result_bonus.php on line 592
[02-Nov-2020 21:51:10 Europe/Berlin] PHP Notice:  Undefined index: start_time in /var/www/www-root/data/www/demo32.2games.pw/public/result_bonus.php on line 594
[03-Nov-2020 19:52:29 Europe/Berlin] PHP Fatal error:  Uncaught Error: Call to undefined function check_mobile_device____gif() in /var/www/www-root/data/www/demo32.2games.pw/public/search_games.php:87
Stack trace:
#0 {main}
  thrown in /var/www/www-root/data/www/demo32.2games.pw/public/search_games.php on line 87
[03-Nov-2020 20:00:03 Europe/Berlin] PHP Fatal error:  Uncaught Error: Call to undefined function check_mobile_device____gif() in /var/www/www-root/data/www/demo32.2games.pw/public/search_games.php:87
Stack trace:
#0 {main}
  thrown in /var/www/www-root/data/www/demo32.2games.pw/public/search_games.php on line 87
[07-Nov-2020 11:43:28 Europe/Berlin] PHP Fatal error:  Uncaught Error: Call to undefined function check_mobile_device____gif() in /var/www/www-root/data/www/demo32.2games.pw/public/search_games.php:68
Stack trace:
#0 {main}
  thrown in /var/www/www-root/data/www/demo32.2games.pw/public/search_games.php on line 68
[08-Nov-2020 03:49:22 Europe/Berlin] PHP Fatal error:  Uncaught Error: Call to undefined function check_mobile_device____gif() in /var/www/www-root/data/www/demo32.2games.pw/public/search_games.php:87
Stack trace:
#0 {main}
  thrown in /var/www/www-root/data/www/demo32.2games.pw/public/search_games.php on line 87
[08-Nov-2020 03:50:00 Europe/Berlin] PHP Fatal error:  Uncaught Error: Call to undefined function check_mobile_device____gif() in /var/www/www-root/data/www/demo32.2games.pw/public/search_games.php:87
Stack trace:
#0 {main}
  thrown in /var/www/www-root/data/www/demo32.2games.pw/public/search_games.php on line 87
[12-Nov-2020 13:13:20 Europe/Berlin] PHP Notice:  Trying to get property 'num_rows' of non-object in /var/www/www-root/data/www/demo32.2games.pw/public/search_games.php on line 45
[12-Nov-2020 13:13:20 Europe/Berlin] PHP Fatal error:  Uncaught Error: Call to a member function fetch_array() on boolean in /var/www/www-root/data/www/demo32.2games.pw/public/search_games.php:47
Stack trace:
#0 {main}
  thrown in /var/www/www-root/data/www/demo32.2games.pw/public/search_games.php on line 47
[02-Dec-2020 14:06:21 Europe/Berlin] PHP Fatal error:  Uncaught Error: Call to undefined function check_mobile_device____gif() in /var/www/www-root/data/www/demo32.2games.pw/public/search_games.php:68
Stack trace:
#0 {main}
  thrown in /var/www/www-root/data/www/demo32.2games.pw/public/search_games.php on line 68
[25-Dec-2020 15:06:28 Europe/Berlin] PHP Fatal error:  Uncaught Error: Call to undefined function check_mobile_device____gif() in /var/www/www-root/data/www/demo32.2games.pw/public/search_games.php:68
Stack trace:
#0 {main}
  thrown in /var/www/www-root/data/www/demo32.2games.pw/public/search_games.php on line 68
[25-Dec-2020 15:08:56 Europe/Berlin] PHP Fatal error:  Uncaught Error: Call to undefined function check_mobile_device____gif() in /var/www/www-root/data/www/demo32.2games.pw/public/search_games.php:68
Stack trace:
#0 {main}
  thrown in /var/www/www-root/data/www/demo32.2games.pw/public/search_games.php on line 68
[25-Dec-2020 15:45:01 Europe/Berlin] PHP Fatal error:  Uncaught Error: Call to undefined function check_mobile_device____gif() in /var/www/www-root/data/www/demo32.2games.pw/public/search_games.php:68
Stack trace:
#0 {main}
  thrown in /var/www/www-root/data/www/demo32.2games.pw/public/search_games.php on line 68
[25-Dec-2020 15:59:38 Europe/Berlin] PHP Fatal error:  Uncaught Error: Call to undefined function check_mobile_device____gif() in /var/www/www-root/data/www/demo32.2games.pw/public/search_games.php:68
Stack trace:
#0 {main}
  thrown in /var/www/www-root/data/www/demo32.2games.pw/public/search_games.php on line 68
[25-Dec-2020 15:59:42 Europe/Berlin] PHP Fatal error:  Uncaught Error: Call to undefined function check_mobile_device____gif() in /var/www/www-root/data/www/demo32.2games.pw/public/search_games.php:68
Stack trace:
#0 {main}
  thrown in /var/www/www-root/data/www/demo32.2games.pw/public/search_games.php on line 68
[25-Dec-2020 15:59:48 Europe/Berlin] PHP Fatal error:  Uncaught Error: Call to undefined function check_mobile_device____gif() in /var/www/www-root/data/www/demo32.2games.pw/public/search_games.php:68
Stack trace:
#0 {main}
  thrown in /var/www/www-root/data/www/demo32.2games.pw/public/search_games.php on line 68
[25-Dec-2020 16:00:19 Europe/Berlin] PHP Fatal error:  Uncaught Error: Call to undefined function check_mobile_device____gif() in /var/www/www-root/data/www/demo32.2games.pw/public/search_games.php:87
Stack trace:
#0 {main}
  thrown in /var/www/www-root/data/www/demo32.2games.pw/public/search_games.php on line 87
[25-Dec-2020 16:00:44 Europe/Berlin] PHP Fatal error:  Uncaught Error: Call to undefined function check_mobile_device____gif() in /var/www/www-root/data/www/demo32.2games.pw/public/search_games.php:87
Stack trace:
#0 {main}
  thrown in /var/www/www-root/data/www/demo32.2games.pw/public/search_games.php on line 87
[25-Dec-2020 16:04:22 Europe/Berlin] PHP Fatal error:  Uncaught Error: Call to undefined function check_mobile_device____gif() in /var/www/www-root/data/www/demo32.2games.pw/public/search_games.php:87
Stack trace:
#0 {main}
  thrown in /var/www/www-root/data/www/demo32.2games.pw/public/search_games.php on line 87
[26-Dec-2020 14:37:33 Europe/Berlin] PHP Fatal error:  Uncaught Error: Call to undefined function check_mobile_device____gif() in /var/www/www-root/data/www/demo32.2games.pw/public/search_games.php:87
Stack trace:
#0 {main}
  thrown in /var/www/www-root/data/www/demo32.2games.pw/public/search_games.php on line 87
[26-Dec-2020 14:46:12 Europe/Berlin] PHP Fatal error:  Uncaught Error: Call to undefined function check_mobile_device____gif() in /var/www/www-root/data/www/demo32.2games.pw/public/search_games.php:68
Stack trace:
#0 {main}
  thrown in /var/www/www-root/data/www/demo32.2games.pw/public/search_games.php on line 68
[26-Dec-2020 14:47:02 Europe/Berlin] PHP Fatal error:  Uncaught Error: Call to undefined function check_mobile_device____gif() in /var/www/www-root/data/www/demo32.2games.pw/public/search_games.php:68
Stack trace:
#0 {main}
  thrown in /var/www/www-root/data/www/demo32.2games.pw/public/search_games.php on line 68
[26-Dec-2020 14:58:45 Europe/Berlin] PHP Fatal error:  Uncaught Error: Call to undefined function check_mobile_device____gif() in /var/www/www-root/data/www/demo32.2games.pw/public/search_games.php:68
Stack trace:
#0 {main}
  thrown in /var/www/www-root/data/www/demo32.2games.pw/public/search_games.php on line 68
[26-Dec-2020 14:58:49 Europe/Berlin] PHP Fatal error:  Uncaught Error: Call to undefined function check_mobile_device____gif() in /var/www/www-root/data/www/demo32.2games.pw/public/search_games.php:68
Stack trace:
#0 {main}
  thrown in /var/www/www-root/data/www/demo32.2games.pw/public/search_games.php on line 68
[26-Dec-2020 14:59:28 Europe/Berlin] PHP Fatal error:  Uncaught Error: Call to undefined function check_mobile_device____gif() in /var/www/www-root/data/www/demo32.2games.pw/public/search_games.php:68
Stack trace:
#0 {main}
  thrown in /var/www/www-root/data/www/demo32.2games.pw/public/search_games.php on line 68
[26-Dec-2020 14:59:37 Europe/Berlin] PHP Fatal error:  Uncaught Error: Call to undefined function check_mobile_device____gif() in /var/www/www-root/data/www/demo32.2games.pw/public/search_games.php:68
Stack trace:
#0 {main}
  thrown in /var/www/www-root/data/www/demo32.2games.pw/public/search_games.php on line 68
[26-Dec-2020 15:01:47 Europe/Berlin] PHP Fatal error:  Uncaught Error: Call to undefined function check_mobile_device____gif() in /var/www/www-root/data/www/demo32.2games.pw/public/search_games.php:71
Stack trace:
#0 {main}
  thrown in /var/www/www-root/data/www/demo32.2games.pw/public/search_games.php on line 71
[26-Dec-2020 17:01:23 Europe/Berlin] PHP Fatal error:  Uncaught Error: Call to undefined function check_mobile_device____gif() in /var/www/www-root/data/www/demo32.2games.pw/public/search_games.php:90
Stack trace:
#0 {main}
  thrown in /var/www/www-root/data/www/demo32.2games.pw/public/search_games.php on line 90
[26-Dec-2020 18:44:13 Europe/Berlin] PHP Fatal error:  Uncaught Error: Call to undefined function check_mobile_device____gif() in /var/www/www-root/data/www/demo32.2games.pw/public/search_games.php:90
Stack trace:
#0 {main}
  thrown in /var/www/www-root/data/www/demo32.2games.pw/public/search_games.php on line 90
[26-Dec-2020 18:44:43 Europe/Berlin] PHP Fatal error:  Uncaught Error: Call to undefined function check_mobile_device____gif() in /var/www/www-root/data/www/demo32.2games.pw/public/search_games.php:90
Stack trace:
#0 {main}
  thrown in /var/www/www-root/data/www/demo32.2games.pw/public/search_games.php on line 90
[26-Dec-2020 19:03:03 Europe/Berlin] PHP Fatal error:  Uncaught Error: Call to undefined function check_mobile_device____gif() in /var/www/www-root/data/www/demo32.2games.pw/public/search_games.php:90
Stack trace:
#0 {main}
  thrown in /var/www/www-root/data/www/demo32.2games.pw/public/search_games.php on line 90
[26-Dec-2020 19:03:13 Europe/Berlin] PHP Fatal error:  Uncaught Error: Call to undefined function check_mobile_device____gif() in /var/www/www-root/data/www/demo32.2games.pw/public/search_games.php:90
Stack trace:
#0 {main}
  thrown in /var/www/www-root/data/www/demo32.2games.pw/public/search_games.php on line 90
[26-Dec-2020 19:04:21 Europe/Berlin] PHP Warning:  Use of undefined constant check_mobile_device - assumed 'check_mobile_device' (this will throw an Error in a future version of PHP) in /var/www/www-root/data/www/demo32.2games.pw/public/search_games.php on line 90
[26-Dec-2020 19:04:21 Europe/Berlin] PHP Warning:  Use of undefined constant check_mobile_device - assumed 'check_mobile_device' (this will throw an Error in a future version of PHP) in /var/www/www-root/data/www/demo32.2games.pw/public/search_games.php on line 90
[26-Dec-2020 19:04:21 Europe/Berlin] PHP Warning:  Use of undefined constant check_mobile_device - assumed 'check_mobile_device' (this will throw an Error in a future version of PHP) in /var/www/www-root/data/www/demo32.2games.pw/public/search_games.php on line 90
[26-Dec-2020 19:04:21 Europe/Berlin] PHP Warning:  Use of undefined constant check_mobile_device - assumed 'check_mobile_device' (this will throw an Error in a future version of PHP) in /var/www/www-root/data/www/demo32.2games.pw/public/search_games.php on line 90
[26-Dec-2020 19:04:21 Europe/Berlin] PHP Warning:  Use of undefined constant check_mobile_device - assumed 'check_mobile_device' (this will throw an Error in a future version of PHP) in /var/www/www-root/data/www/demo32.2games.pw/public/search_games.php on line 90
[26-Dec-2020 19:04:21 Europe/Berlin] PHP Warning:  Use of undefined constant check_mobile_device - assumed 'check_mobile_device' (this will throw an Error in a future version of PHP) in /var/www/www-root/data/www/demo32.2games.pw/public/search_games.php on line 90
[04-Jan-2021 09:25:03 Europe/Berlin] PHP Warning:  A non-numeric value encountered in /var/www/www-root/data/www/demo32.2games.pw/public/config_db.php on line 160
[04-Jan-2021 09:25:03 Europe/Berlin] PHP Warning:  A non-numeric value encountered in /var/www/www-root/data/www/demo32.2games.pw/public/config_db.php on line 160
[04-Jan-2021 09:25:03 Europe/Berlin] PHP Notice:  Undefined variable: inv_code in /var/www/www-root/data/www/demo32.2games.pw/public/config_db.php on line 457
[11-Feb-2021 19:41:41 Europe/Berlin] PHP Warning:  A non-numeric value encountered in /var/www/www-root/data/www/demo32.2games.pw/public/config_db.php on line 160
[11-Feb-2021 19:41:41 Europe/Berlin] PHP Warning:  A non-numeric value encountered in /var/www/www-root/data/www/demo32.2games.pw/public/config_db.php on line 160
[11-Feb-2021 19:41:41 Europe/Berlin] PHP Notice:  Undefined variable: inv_code in /var/www/www-root/data/www/demo32.2games.pw/public/config_db.php on line 457
